02/Sep/2016 11:06:57,109- ControllerFactory: Loading controller WELCOME_CONTROLLER
02/Sep/2016 11:07:02,189- AbstractController: Moving to controller INTERNET_CONTROLLER
02/Sep/2016 11:07:02,189- ControllerFactory: Loading controller INTERNET_CONTROLLER
02/Sep/2016 11:07:02,222- InternetController: No valid JRE found
02/Sep/2016 11:07:03,060- InternetController: Showing choose JRE picker
02/Sep/2016 11:07:10,329- MainApp: Found JRE, checking hash
02/Sep/2016 11:07:11,478- InternetController: Starting internet check
02/Sep/2016 11:07:11,501- InternetController: Error when attempting to connect to the internet
02/Sep/2016 11:07:13,802- DesktopApi: Trying to exec:
   cmd = explorer
   args = %s
   %s = .
02/Sep/2016 11:07:13,805- DesktopApi: Process is running.
02/Sep/2016 11:07:19,278- MainApp: Computed hash is 082F08397B0D3F63844AB472B5111C8C, official hash is 082F08397B0D3F63844AB472B5111C8C
02/Sep/2016 11:07:19,279- InternetController: Found JRE creator, setting next controller to be untar
02/Sep/2016 11:07:19,288- AbstractController: Moving to controller UNTAR_CONTROLLER
02/Sep/2016 11:07:19,289- ControllerFactory: Loading controller UNTAR_CONTROLLER
02/Sep/2016 11:07:19,331- UntarController: Starting decompress of file F:\ejdk-8u6-fcs-b23-linux-arm-vfp-sflt-12_jun_2014.tar.gz to F:\
02/Sep/2016 11:07:26,897- ErrorController: Exiting from error screen
02/Sep/2016 11:07:29,134- ControllerFactory: Loading controller WELCOME_CONTROLLER
02/Sep/2016 11:07:31,319- AbstractController: Moving to controller INTERNET_CONTROLLER
02/Sep/2016 11:07:31,319- ControllerFactory: Loading controller INTERNET_CONTROLLER
02/Sep/2016 11:07:31,350- InternetController: No valid JRE found
02/Sep/2016 11:07:32,178- InternetController: Showing choose JRE picker
02/Sep/2016 11:07:45,406- MainApp: Found JRE, checking hash
02/Sep/2016 11:07:45,976- MainApp: Computed hash is 082F08397B0D3F63844AB472B5111C8C, official hash is 082F08397B0D3F63844AB472B5111C8C
02/Sep/2016 11:07:45,977- InternetController: Found JRE creator, setting next controller to be untar
02/Sep/2016 11:07:45,979- AbstractController: Moving to controller UNTAR_CONTROLLER
02/Sep/2016 11:07:45,979- ControllerFactory: Loading controller UNTAR_CONTROLLER
02/Sep/2016 11:07:45,990- UntarController: Starting decompress of file F:\ejdk-8u6-fcs-b23-linux-arm-vfp-sflt-12_jun_2014.tar.gz to F:\
02/Sep/2016 11:13:15,487- AbstractController: Moving to controller CREATE_JRE_CONTROLLER
02/Sep/2016 11:13:15,488- ControllerFactory: Loading controller CREATE_JRE_CONTROLLER
02/Sep/2016 11:13:15,524- CreateJreController: Staring JRE Creation
02/Sep/2016 11:13:15,525- CreateJreController: Creator location: F:\\ejdk1.8.0_06\lib\JRECreate.jar
02/Sep/2016 11:13:15,525- CreateJreController: Command: [java, -jar, F:\\ejdk1.8.0_06\lib\JRECreate.jar, --dest, JRE, --profile, compact2, --vm, client, --keep-debug-info, --debug]
02/Sep/2016 11:13:15,525- CreateJreController: EJDK_HOME: F:\\ejdk1.8.0_06
02/Sep/2016 11:13:36,973- CreateJreController: Successfully Created JRE!
02/Sep/2016 11:13:36,977- AbstractController: Moving to controller TAR_JRE_CONTROLLER
02/Sep/2016 11:13:36,978- ControllerFactory: Loading controller TAR_JRE_CONTROLLER
02/Sep/2016 11:13:37,015- TarJREController: Starting zip
02/Sep/2016 11:13:39,054- TarJREController: Finished zip, starting md5 hash
02/Sep/2016 11:13:39,195- TarJREController: Finished md5 hash, hash is 74A06FE9EB806A907667B559791E3428
02/Sep/2016 11:13:39,197- AbstractController: Moving to controller CONNECT_ROBORIO_CONTROLLER
02/Sep/2016 11:13:39,197- ControllerFactory: Loading controller CONNECT_ROBORIO_CONTROLLER
02/Sep/2016 11:15:51,875- ConnectRoboRioController: Connecting to roborio-1360-frc.local
02/Sep/2016 11:15:51,876- ConnectRoboRioController: Checking for mDNS connection to the roboRIO
02/Sep/2016 11:15:52,733- ConnectRoboRioController: roborio-1360-frc.local is reachable
02/Sep/2016 11:15:52,735- ConnectRoboRioController: Found mDNS connection
02/Sep/2016 11:15:52,735- AbstractController: Moving to controller DEPLOY_CONTROLLER
02/Sep/2016 11:15:52,737- ControllerFactory: Loading controller DEPLOY_CONTROLLER
02/Sep/2016 11:15:53,985- DeployController: Size command is C0644 15273484 JRE.tar.gz

02/Sep/2016 11:15:54,034- DeployController: Return code is 0
02/Sep/2016 11:15:55,768- DeployController: Return code is 0
02/Sep/2016 11:15:55,771- DeployController: Attempting to remove old JRE
02/Sep/2016 11:15:55,773- DeployController: Running command rm -r /usr/local/frc/JRE
02/Sep/2016 11:15:55,940- DeployController: Error with command rm -r /usr/local/frc/JRE
02/Sep/2016 11:15:55,940- DeployController: No JRE folder removed
02/Sep/2016 11:15:55,940- DeployController: Extracting the JRE
02/Sep/2016 11:15:55,943- DeployController: Running command tar -xzf /home/admin/JRE.tar.gz -C /home/admin/
02/Sep/2016 11:15:57,347- DeployController: Extracted the JRE
02/Sep/2016 11:15:57,348- DeployController: Moving the JRE
02/Sep/2016 11:15:57,349- DeployController: Running command mv /home/admin/JRE /usr/local/frc
02/Sep/2016 11:15:57,451- DeployController: Moved the JRE
02/Sep/2016 11:15:57,451- DeployController: Setting permissions
02/Sep/2016 11:15:57,451- DeployController: Running command chmod +x /usr/local/frc/JRE/bin/*
02/Sep/2016 11:15:57,552- DeployController: Set permissions
02/Sep/2016 11:15:57,553- DeployController: Cleaning up
02/Sep/2016 11:15:57,554- DeployController: Running command rm /home/admin/JRE.tar.gz
02/Sep/2016 11:15:58,157- DeployController: Cleaned up
02/Sep/2016 11:15:58,159- AbstractController: Moving to controller SUCCESS_CONTROLLER
02/Sep/2016 11:15:58,161- ControllerFactory: Loading controller SUCCESS_CONTROLLER
02/Sep/2016 11:16:02,531- SuccessController: Cleaning up installer files
